(1750925882.336900) can0 18F0011E#FB630700
(1750925882.338152) can0 18F0021E#00000000
(1750925882.339146) can0 18F0031E#00000000
(1750925882.340207) can0 18F0041E#0000000000000000
(1750925882.341180) can0 18F0051E#0000000000000000
(1750925882.342159) can0 18F0061E#0000000000000000
(1750925882.343139) can0 18F0071E#0000000000000000
(1750925882.344120) can0 18F0081E#0000000000000000
(1750925882.345098) can0 18F0091E#0000000000000000
(1750925882.346120) can0 18F00A1E#0000000000000000
(1750925882.347107) can0 18F00B1E#0000000000000000
(1750925882.348098) can0 18F00C1E#0000000000000000
(1750925882.349002) can0 18F00D1E#00000000
(1750925882.350050) can0 18F0101E#0B040000FFE7FF27
(1750925882.351033) can0 18F0111E#3F4800007E000000
(1750925882.351936) can0 18F0121E#07050000
(1750925882.352972) can0 18F0201E#FF7FFFFFFFFF64
(1750925882.353934) can0 18F0211E#000000000000
(1750925882.354850) can0 18F0221E#7F7F7F
(1750925882.356015) can0 18F0241E#80FF2C0180FF2C01
(1750925882.356986) can0 18F0311E#3030323134360000
(1750925882.357962) can0 18F0321E#412D3130422D3035
(1750925882.358942) can0 18F0331E#412D3031412D3031
(1750925882.359936) can0 18F0401E#604D000000000000
(1750925882.535808) can0 18F0011E#FB630700
(1750925882.536794) can0 18F0021E#00000000
(1750925882.537769) can0 18F0031E#00000000
(1750925882.538848) can0 18F0041E#0000000000000000
(1750925882.539822) can0 18F0051E#0000000000000000
(1750925882.540799) can0 18F0061E#0000000000000000
(1750925882.541777) can0 18F0071E#0000000000000000
(1750925882.542741) can0 18F0081E#0000000000000000
(1750925882.543718) can0 18F0091E#0000000000000000
(1750925882.544695) can0 18F00A1E#0000000000000000
(1750925882.545699) can0 18F00B1E#0000000000000000
(1750925882.546705) can0 18F00C1E#0000000000000000
(1750925882.547614) can0 18F00D1E#00000000
(1750925882.548671) can0 18F0101E#0B040000FFE7FF27
(1750925882.549657) can0 18F0111E#3F4800007E000000
(1750925882.550564) can0 18F0121E#07050000
(1750925882.551604) can0 18F0201E#FF7FFFFFFFFF64
(1750925882.736385) can0 18F0011E#FB630700
(1750925882.737368) can0 18F0021E#00000000
(1750925882.738346) can0 18F0031E#00000000
(1750925882.739423) can0 18F0041E#0000000000000000
(1750925882.740398) can0 18F0051E#0000000000000000
(1750925882.741374) can0 18F0061E#0000000000000000
(1750925882.742354) can0 18F0071E#0000000000000000
(1750925882.743334) can0 18F0081E#0000000000000000
(1750925882.744312) can0 18F0091E#0000000000000000
(1750925882.745314) can0 18F00A1E#0000000000000000
(1750925882.746314) can0 18F00B1E#0000000000000000
(1750925882.747308) can0 18F00C1E#0000000000000000
(1750925882.748212) can0 18F00D1E#00000000
(1750925882.749264) can0 18F0101E#0B040000FFE7FF27
(1750925882.750249) can0 18F0111E#3F4800007E000000
(1750925882.751156) can0 18F0121E#07050000
(1750925882.752195) can0 18F0201E#FF7FFFFFFFFF64
(1750925882.936287) can0 18F0011E#FB630700
(1750925882.937270) can0 18F0021E#00000000
(1750925882.938270) can0 18F0031E#00000000
(1750925882.939412) can0 18F0041E#0000000000000000
(1750925882.940498) can0 18F0051E#0000000000000000
(1750925882.941608) can0 18F0061E#0000000000000000
(1750925882.942697) can0 18F0071E#0000000000000000
(1750925882.943809) can0 18F0081E#0000000000000000
(1750925882.944920) can0 18F0091E#0000000000000000
(1750925882.946074) can0 18F00A1E#0000000000000000
(1750925882.947192) can0 18F00B1E#0000000000000000
(1750925882.948294) can0 18F00C1E#0000000000000000
(1750925882.949242) can0 18F00D1E#00000000
(1750925882.950288) can0 18F0101E#0B040000FFE7FF27
(1750925882.951272) can0 18F0111E#3F4800007E000000
(1750925882.952174) can0 18F0121E#07050000
(1750925882.953210) can0 18F0201E#FF7FFFFFFFFF64
(1750925883.135994) can0 18F0011E#FB630700
(1750925883.136976) can0 18F0021E#00000000
(1750925883.137954) can0 18F0031E#00000000
(1750925883.139026) can0 18F0041E#0000000000000000
(1750925883.140006) can0 18F0051E#0000000000000000
(1750925883.140982) can0 18F0061E#0000000000000000
(1750925883.141962) can0 18F0071E#0000000000000000
(1750925883.142942) can0 18F0081E#0000000000000000
(1750925883.143920) can0 18F0091E#0000000000000000
(1750925883.144898) can0 18F00A1E#0000000000000000
(1750925883.145924) can0 18F00B1E#0000000000000000
(1750925883.146913) can0 18F00C1E#0000000000000000
(1750925883.147822) can0 18F00D1E#00000000
(1750925883.148875) can0 18F0101E#0B040000FFE7FF27
(1750925883.149861) can0 18F0111E#3F4800007E000000
(1750925883.150767) can0 18F0121E#07050000
(1750925883.151808) can0 18F0201E#FF7FFFFFFFFF64
(1750925883.336410) can0 18F0011E#FB630700
(1750925883.337390) can0 18F0021E#00000000
(1750925883.338702) can0 18F0031E#00000000
(1750925883.339763) can0 18F0041E#0000000000000000
(1750925883.340718) can0 18F0051E#0000000000000000
(1750925883.341696) can0 18F0061E#0000000000000000
(1750925883.342674) can0 18F0071E#0000000000000000
(1750925883.343655) can0 18F0081E#0000000000000000
(1750925883.344634) can0 18F0091E#0000000000000000
(1750925883.345636) can0 18F00A1E#0000000000000000
(1750925883.346636) can0 18F00B1E#0000000000000000
(1750925883.347635) can0 18F00C1E#0000000000000000
(1750925883.348536) can0 18F00D1E#00000000
(1750925883.349588) can0 18F0101E#0B040000FFE7FF27
(1750925883.350574) can0 18F0111E#3F4800007E000000
(1750925883.351483) can0 18F0121E#07050000
(1750925883.352522) can0 18F0201E#FF7FFFFFFFFF64
(1750925883.353488) can0 18F0211E#000000000000
(1750925883.354410) can0 18F0221E#7F7F7F
(1750925883.355578) can0 18F0241E#80FF2C0180FF2C01
(1750925883.356554) can0 18F0311E#3030323134360000
(1750925883.357532) can0 18F0321E#412D3130422D3035
(1750925883.358514) can0 18F0331E#412D3031412D3031
(1750925883.359514) can0 18F0401E#604D000000000000
(1750925883.535526) can0 18F0011E#FB630700
(1750925883.536509) can0 18F0021E#00000000
(1750925883.537486) can0 18F0031E#00000000
(1750925883.538564) can0 18F0041E#0000000000000000
(1750925883.539541) can0 18F0051E#0000000000000000
(1750925883.540516) can0 18F0061E#0000000000000000
(1750925883.541496) can0 18F0071E#0000000000000000
(1750925883.542478) can0 18F0081E#0000000000000000
(1750925883.543457) can0 18F0091E#0000000000000000
(1750925883.544432) can0 18F00A1E#0000000000000000
(1750925883.545436) can0 18F00B1E#0000000000000000
(1750925883.546438) can0 18F00C1E#0000000000000000
(1750925883.547341) can0 18F00D1E#00000000
(1750925883.548396) can0 18F0101E#0B040000FFE7FF27
(1750925883.549384) can0 18F0111E#3F4800007E000000
(1750925883.550288) can0 18F0121E#07050000
(1750925883.551325) can0 18F0201E#FF7FFFFFFFFF64
(1750925883.736270) can0 18F0011E#FB630700
(1750925883.737239) can0 18F0021E#00000000
(1750925883.738214) can0 18F0031E#00000000
(1750925883.739316) can0 18F0041E#0000000000000000
(1750925883.740272) can0 18F0051E#0000000000000000
(1750925883.741241) can0 18F0061E#0000000000000000
(1750925883.742220) can0 18F0071E#0000000000000000
(1750925883.743201) can0 18F0081E#0000000000000000
(1750925883.744178) can0 18F0091E#0000000000000000
(1750925883.745189) can0 18F00A1E#0000000000000000
(1750925883.746180) can0 18F00B1E#0000000000000000
(1750925883.747177) can0 18F00C1E#0000000000000000
(1750925883.748080) can0 18F00D1E#00000000
(1750925883.749132) can0 18F0101E#0B040000FFE7FF27
(1750925883.750118) can0 18F0111E#3F4800007E000000
(1750925883.751024) can0 18F0121E#07050000
(1750925883.752074) can0 18F0201E#FF7FFFFFFFFF64
(1750925883.935838) can0 18F0011E#FB630700
(1750925883.936815) can0 18F0021E#00000000
(1750925883.937787) can0 18F0031E#00000000
(1750925883.938864) can0 18F0041E#0000000000000000
(1750925883.939839) can0 18F0051E#0000000000000000
(1750925883.940814) can0 18F0061E#0000000000000000
(1750925883.941792) can0 18F0071E#0000000000000000
(1750925883.942772) can0 18F0081E#0000000000000000
(1750925883.943751) can0 18F0091E#0000000000000000
(1750925883.944726) can0 18F00A1E#0000000000000000
(1750925883.945730) can0 18F00B1E#0000000000000000
(1750925883.946734) can0 18F00C1E#0000000000000000
(1750925883.947624) can0 18F00D1E#00000000
(1750925883.948680) can0 18F0101E#0B040000FFE7FF27
(1750925883.949664) can0 18F0111E#3F4800007E000000
(1750925883.950570) can0 18F0121E#07050000
(1750925883.951610) can0 18F0201E#FF7FFFFFFFFF64
(1750925884.135550) can0 18F0011E#FB630700
(1750925884.136521) can0 18F0021E#00000000
(1750925884.137499) can0 18F0031E#00000000
(1750925884.138575) can0 18F0041E#0000000000000000
(1750925884.139557) can0 18F0051E#0000000000000000
(1750925884.140525) can0 18F0061E#0000000000000000
(1750925884.141503) can0 18F0071E#0000000000000000
(1750925884.142485) can0 18F0081E#0000000000000000
(1750925884.143463) can0 18F0091E#0000000000000000
(1750925884.144441) can0 18F00A1E#0000000000000000
(1750925884.145445) can0 18F00B1E#0000000000000000
(1750925884.146446) can0 18F00C1E#0000000000000000
(1750925884.147349) can0 18F00D1E#00000000
(1750925884.148404) can0 18F0101E#0B040000FFE7FF27
(1750925884.149392) can0 18F0111E#3F4800007E000000
(1750925884.150296) can0 18F0121E#07050000
(1750925884.151333) can0 18F0201E#FF7FFFFFFFFF64
(1750925884.337024) can0 18F0011E#FB630700
(1750925884.338227) can0 18F0021E#00000000
(1750925884.339231) can0 18F0031E#00000000
(1750925884.340283) can0 18F0041E#0000000000000000
(1750925884.341257) can0 18F0051E#0000000000000000
(1750925884.342232) can0 18F0061E#0000000000000000
(1750925884.343213) can0 18F0071E#0000000000000000
(1750925884.344193) can0 18F0081E#0000000000000000
(1750925884.345196) can0 18F0091E#0000000000000000
(1750925884.346195) can0 18F00A1E#0000000000000000
(1750925884.347195) can0 18F00B1E#0000000000000000
(1750925884.348178) can0 18F00C1E#0000000000000000
(1750925884.349076) can0 18F00D1E#00000000
(1750925884.350128) can0 18F0101E#0B040000FFE7FF27
(1750925884.351118) can0 18F0111E#3F4800007E000000
(1750925884.352035) can0 18F0121E#07050000
(1750925884.353100) can0 18F0201E#FF7FFFFFFFFF64
(1750925884.354027) can0 18F0211E#000000000000
(1750925884.354942) can0 18F0221E#7F7F7F
(1750925884.356120) can0 18F0241E#80FF2C0180FF2C01
(1750925884.357091) can0 18F0311E#3030323134360000
(1750925884.358069) can0 18F0321E#412D3130422D3035
(1750925884.359053) can0 18F0331E#412D3031412D3031
(1750925884.360049) can0 18F0401E#604D000000000000
(1750925884.535970) can0 18F0011E#FB630700
(1750925884.536865) can0 18F0021E#00000000
(1750925884.537841) can0 18F0031E#00000000
(1750925884.538922) can0 18F0041E#0000000000000000
(1750925884.539895) can0 18F0051E#0000000000000000
(1750925884.540868) can0 18F0061E#0000000000000000
(1750925884.541845) can0 18F0071E#0000000000000000
(1750925884.542828) can0 18F0081E#0000000000000000
(1750925884.543807) can0 18F0091E#0000000000000000
(1750925884.544784) can0 18F00A1E#0000000000000000
(1750925884.545789) can0 18F00B1E#0000000000000000
(1750925884.546795) can0 18F00C1E#0000000000000000
(1750925884.547703) can0 18F00D1E#00000000
(1750925884.548761) can0 18F0101E#0B040000FFE7FF27
(1750925884.549746) can0 18F0111E#3F4800007E000000
(1750925884.550653) can0 18F0121E#07050000
(1750925884.551696) can0 18F0201E#FF7FFFFFFFFF64
(1750925884.735874) can0 18F0011E#FB630700
(1750925884.736788) can0 18F0021E#00000000
(1750925884.737763) can0 18F0031E#00000000
(1750925884.738841) can0 18F0041E#0000000000000000
(1750925884.739815) can0 18F0051E#0000000000000000
(1750925884.740791) can0 18F0061E#0000000000000000
(1750925884.741769) can0 18F0071E#0000000000000000
(1750925884.742749) can0 18F0081E#0000000000000000
(1750925884.743732) can0 18F0091E#0000000000000000
(1750925884.744705) can0 18F00A1E#0000000000000000
(1750925884.745709) can0 18F00B1E#0000000000000000
(1750925884.746711) can0 18F00C1E#0000000000000000
(1750925884.747617) can0 18F00D1E#00000000
(1750925884.748653) can0 18F0101E#0B040000FFE7FF27
(1750925884.749643) can0 18F0111E#3F4800007E000000
(1750925884.750545) can0 18F0121E#07050000
(1750925884.751580) can0 18F0201E#FF7FFFFFFFFF64
(1750925884.936334) can0 18F0011E#FB630700
(1750925884.937313) can0 18F0021E#00000000
(1750925884.938291) can0 18F0031E#00000000
(1750925884.939368) can0 18F0041E#0000000000000000
(1750925884.940341) can0 18F0051E#0000000000000000
(1750925884.941317) can0 18F0061E#0000000000000000
(1750925884.942295) can0 18F0071E#0000000000000000
(1750925884.943280) can0 18F0081E#0000000000000000
(1750925884.944255) can0 18F0091E#0000000000000000
(1750925884.945257) can0 18F00A1E#0000000000000000
(1750925884.946257) can0 18F00B1E#0000000000000000
(1750925884.947254) can0 18F00C1E#0000000000000000
(1750925884.948157) can0 18F00D1E#00000000
(1750925884.949207) can0 18F0101E#0B040000FFE7FF27
(1750925884.950193) can0 18F0111E#3F4800007E000000
(1750925884.951099) can0 18F0121E#07050000
(1750925884.952137) can0 18F0201E#FF7FFFFFFFFF64
(1750925885.135905) can0 18F0011E#FB630700
(1750925885.136870) can0 18F0021E#00000000
(1750925885.137846) can0 18F0031E#00000000
(1750925885.138924) can0 18F0041E#0000000000000000
(1750925885.139898) can0 18F0051E#0000000000000000
(1750925885.140876) can0 18F0061E#0000000000000000
(1750925885.141856) can0 18F0071E#0000000000000000
(1750925885.142836) can0 18F0081E#0000000000000000
(1750925885.143816) can0 18F0091E#0000000000000000
(1750925885.144794) can0 18F00A1E#0000000000000000
(1750925885.145820) can0 18F00B1E#0000000000000000
(1750925885.146816) can0 18F00C1E#0000000000000000
(1750925885.147725) can0 18F00D1E#00000000
(1750925885.148772) can0 18F0101E#0B040000FFE7FF27
(1750925885.149757) can0 18F0111E#3F4800007E000000
(1750925885.150663) can0 18F0121E#07050000
(1750925885.151717) can0 18F0201E#FF7FFFFFFFFF64
(1750925885.336475) can0 18F0011E#FB630700
(1750925885.337772) can0 18F0021E#00000000
(1750925885.338760) can0 18F0031E#00000000
(1750925885.339830) can0 18F0041E#0000000000000000
(1750925885.340796) can0 18F0051E#0000000000000000
(1750925885.341774) can0 18F0061E#0000000000000000
(1750925885.342752) can0 18F0071E#0000000000000000
(1750925885.343733) can0 18F0081E#0000000000000000
(1750925885.344712) can0 18F0091E#0000000000000000
(1750925885.345714) can0 18F00A1E#0000000000000000
(1750925885.346712) can0 18F00B1E#0000000000000000
(1750925885.347704) can0 18F00C1E#0000000000000000
(1750925885.348608) can0 18F00D1E#00000000
(1750925885.349662) can0 18F0101E#0B040000FFE7FF27
(1750925885.350627) can0 18F0111E#3F4800007E000000
(1750925885.351534) can0 18F0121E#07050000
(1750925885.352566) can0 18F0201E#FF7FFFFFFFFF64
(1750925885.353525) can0 18F0211E#000000000000
(1750925885.354443) can0 18F0221E#7F7F7F
(1750925885.355617) can0 18F0241E#80FF2C0180FF2C01
(1750925885.356582) can0 18F0311E#3030323134360000
(1750925885.357556) can0 18F0321E#412D3130422D3035
(1750925885.358534) can0 18F0331E#412D3031412D3031
(1750925885.359531) can0 18F0401E#604D000000000000
(1750925885.536380) can0 18F0011E#FB630700
(1750925885.537342) can0 18F0021E#00000000
(1750925885.538320) can0 18F0031E#00000000
(1750925885.539397) can0 18F0041E#0000000000000000
(1750925885.540372) can0 18F0051E#0000000000000000
(1750925885.541348) can0 18F0061E#0000000000000000
(1750925885.542328) can0 18F0071E#0000000000000000
(1750925885.543309) can0 18F0081E#0000000000000000
(1750925885.544288) can0 18F0091E#0000000000000000
(1750925885.545288) can0 18F00A1E#0000000000000000
(1750925885.546288) can0 18F00B1E#0000000000000000
(1750925885.547293) can0 18F00C1E#0000000000000000
(1750925885.548186) can0 18F00D1E#00000000
(1750925885.549238) can0 18F0101E#0B040000FFE7FF27
(1750925885.550224) can0 18F0111E#3F4800007E000000
(1750925885.551133) can0 18F0121E#07050000
(1750925885.552179) can0 18F0201E#FF7FFFFFFFFF64
(1750925885.736185) can0 18F0011E#FB630700
(1750925885.737096) can0 18F0021E#00000000
(1750925885.738071) can0 18F0031E#00000000
(1750925885.739152) can0 18F0041E#0000000000000000
(1750925885.740123) can0 18F0051E#0000000000000000
(1750925885.741100) can0 18F0061E#0000000000000000
(1750925885.742078) can0 18F0071E#0000000000000000
(1750925885.743059) can0 18F0081E#0000000000000000
(1750925885.744038) can0 18F0091E#0000000000000000
(1750925885.745016) can0 18F00A1E#0000000000000000
(1750925885.746042) can0 18F00B1E#0000000000000000
(1750925885.747039) can0 18F00C1E#0000000000000000
(1750925885.747942) can0 18F00D1E#00000000
(1750925885.748996) can0 18F0101E#0B040000FFE7FF27
(1750925885.749984) can0 18F0111E#3F4800007E000000
(1750925885.750890) can0 18F0121E#07050000
(1750925885.751940) can0 18F0201E#FF7FFFFFFFFF64
(1750925885.935951) can0 18F0011E#FB630700
(1750925885.936897) can0 18F0021E#00000000
(1750925885.937827) can0 18F0031E#00000000
(1750925885.938912) can0 18F0041E#0000000000000000
(1750925885.939880) can0 18F0051E#0000000000000000
(1750925885.940857) can0 18F0061E#0000000000000000
(1750925885.941834) can0 18F0071E#0000000000000000
(1750925885.942814) can0 18F0081E#0000000000000000
(1750925885.943795) can0 18F0091E#0000000000000000
(1750925885.944772) can0 18F00A1E#0000000000000000
(1750925885.945793) can0 18F00B1E#0000000000000000
(1750925885.946784) can0 18F00C1E#0000000000000000
(1750925885.947692) can0 18F00D1E#00000000
(1750925885.948742) can0 18F0101E#0B040000FFE7FF27
(1750925885.949726) can0 18F0111E#3F4800007E000000
(1750925885.950628) can0 18F0121E#07050000
(1750925885.951667) can0 18F0201E#FF7FFFFFFFFF64
(1750925886.135497) can0 18F0011E#FB630700
(1750925886.136438) can0 18F0021E#00000000
(1750925886.137393) can0 18F0031E#00000000
(1750925886.138457) can0 18F0041E#0000000000000000
(1750925886.139439) can0 18F0051E#0000000000000000
(1750925886.140410) can0 18F0061E#0000000000000000
(1750925886.141390) can0 18F0071E#0000000000000000
(1750925886.142370) can0 18F0081E#0000000000000000
(1750925886.143350) can0 18F0091E#0000000000000000
(1750925886.144326) can0 18F00A1E#0000000000000000
(1750925886.145329) can0 18F00B1E#0000000000000000
(1750925886.146335) can0 18F00C1E#0000000000000000
(1750925886.147245) can0 18F00D1E#00000000
(1750925886.148301) can0 18F0101E#0B040000FFE7FF27
(1750925886.149287) can0 18F0111E#3F4800007E000000
(1750925886.150191) can0 18F0121E#07050000
(1750925886.151231) can0 18F0201E#FF7FFFFFFFFF64
(1750925886.336883) can0 18F0011E#FB630700
(1750925886.338096) can0 18F0021E#00000000
(1750925886.339091) can0 18F0031E#00000000
(1750925886.340153) can0 18F0041E#0000000000000000
(1750925886.341127) can0 18F0051E#0000000000000000
(1750925886.342103) can0 18F0061E#0000000000000000
(1750925886.343083) can0 18F0071E#0000000000000000
(1750925886.344065) can0 18F0081E#0000000000000000
(1750925886.345069) can0 18F0091E#0000000000000000
(1750925886.346067) can0 18F00A1E#0000000000000000
(1750925886.347053) can0 18F00B1E#0000000000000000
(1750925886.348047) can0 18F00C1E#0000000000000000
(1750925886.348949) can0 18F00D1E#00000000
(1750925886.350001) can0 18F0101E#0B040000FFE7FF27
(1750925886.350995) can0 18F0111E#3F4800007E000000
(1750925886.351897) can0 18F0121E#07050000
(1750925886.352948) can0 18F0201E#FF7FFFFFFFFF64
(1750925886.353899) can0 18F0211E#000000000000
(1750925886.354818) can0 18F0221E#7F7F7F
(1750925886.355988) can0 18F0241E#80FF2C0180FF2C01
(1750925886.356968) can0 18F0311E#3030323134360000
(1750925886.357942) can0 18F0321E#412D3130422D3035
(1750925886.358926) can0 18F0331E#412D3031412D3031
(1750925886.359923) can0 18F0401E#604D000000000000
(1750925886.535995) can0 18F0011E#FB630700
(1750925886.536918) can0 18F0021E#00000000
(1750925886.537879) can0 18F0031E#00000000
(1750925886.538953) can0 18F0041E#0000000000000000
(1750925886.539931) can0 18F0051E#0000000000000000
(1750925886.540906) can0 18F0061E#0000000000000000
(1750925886.541886) can0 18F0071E#0000000000000000
(1750925886.542866) can0 18F0081E#0000000000000000
(1750925886.543845) can0 18F0091E#0000000000000000
(1750925886.544822) can0 18F00A1E#0000000000000000
(1750925886.545844) can0 18F00B1E#0000000000000000
(1750925886.546838) can0 18F00C1E#0000000000000000
(1750925886.547742) can0 18F00D1E#00000000
(1750925886.548798) can0 18F0101E#0B040000FFE7FF27
(1750925886.549780) can0 18F0111E#3F4800007E000000
(1750925886.550684) can0 18F0121E#07050000
(1750925886.551722) can0 18F0201E#FF7FFFFFFFFF64
(1750925886.735700) can0 18F0011E#FB630700
(1750925886.736659) can0 18F0021E#00000000
(1750925886.737634) can0 18F0031E#00000000
(1750925886.738712) can0 18F0041E#0000000000000000
(1750925886.739687) can0 18F0051E#0000000000000000
(1750925886.740664) can0 18F0061E#0000000000000000
(1750925886.741642) can0 18F0071E#0000000000000000
(1750925886.742622) can0 18F0081E#0000000000000000
(1750925886.743585) can0 18F0091E#0000000000000000
(1750925886.744562) can0 18F00A1E#0000000000000000
(1750925886.745564) can0 18F00B1E#0000000000000000
(1750925886.746570) can0 18F00C1E#0000000000000000
(1750925886.747484) can0 18F00D1E#00000000
(1750925886.748535) can0 18F0101E#0B040000FFE7FF27
(1750925886.749519) can0 18F0111E#3F4800007E000000
(1750925886.750428) can0 18F0121E#07050000
(1750925886.751470) can0 18F0201E#FF7FFFFFFFFF64
(1750925886.936303) can0 18F0011E#FB630700
(1750925886.937215) can0 18F0021E#00000000
(1750925886.938190) can0 18F0031E#00000000
(1750925886.939271) can0 18F0041E#0000000000000000
(1750925886.940242) can0 18F0051E#0000000000000000
(1750925886.941218) can0 18F0061E#0000000000000000
(1750925886.942197) can0 18F0071E#0000000000000000
(1750925886.943180) can0 18F0081E#0000000000000000
(1750925886.944157) can0 18F0091E#0000000000000000
(1750925886.945159) can0 18F00A1E#0000000000000000
(1750925886.946157) can0 18F00B1E#0000000000000000
(1750925886.947151) can0 18F00C1E#0000000000000000
(1750925886.948055) can0 18F00D1E#00000000
(1750925886.949107) can0 18F0101E#0B040000FFE7FF27
(1750925886.950093) can0 18F0111E#3F4800007E000000
(1750925886.950999) can0 18F0121E#07050000
(1750925886.952048) can0 18F0201E#FF7FFFFFFFFF64
(1750925887.136036) can0 18F0011E#FB630700
(1750925887.137021) can0 18F0021E#00000000
(1750925887.137998) can0 18F0031E#00000000
(1750925887.139062) can0 18F0041E#0000000000000000
(1750925887.140031) can0 18F0051E#0000000000000000
(1750925887.140980) can0 18F0061E#0000000000000000
(1750925887.141957) can0 18F0071E#0000000000000000
(1750925887.142954) can0 18F0081E#0000000000000000
(1750925887.143910) can0 18F0091E#0000000000000000
(1750925887.144885) can0 18F00A1E#0000000000000000
(1750925887.145907) can0 18F00B1E#0000000000000000
(1750925887.146908) can0 18F00C1E#0000000000000000
(1750925887.147807) can0 18F00D1E#00000000
(1750925887.148859) can0 18F0101E#0B040000FFE7FF27
(1750925887.149838) can0 18F0111E#3F4800007E000000
(1750925887.150740) can0 18F0121E#07050000
(1750925887.151778) can0 18F0201E#FF7FFFFFFFFF64
(1750925887.336464) can0 18F0011E#FB630700
(1750925887.337707) can0 18F0021E#00000000
(1750925887.338689) can0 18F0031E#00000000
(1750925887.339753) can0 18F0041E#0000000000000000
(1750925887.340725) can0 18F0051E#0000000000000000
(1750925887.341701) can0 18F0061E#0000000000000000
(1750925887.342681) can0 18F0071E#0000000000000000
(1750925887.343662) can0 18F0081E#0000000000000000
(1750925887.344639) can0 18F0091E#0000000000000000
(1750925887.345641) can0 18F00A1E#0000000000000000
(1750925887.346641) can0 18F00B1E#0000000000000000
(1750925887.347637) can0 18F00C1E#0000000000000000
(1750925887.348541) can0 18F00D1E#00000000
(1750925887.349593) can0 18F0101E#0B040000FFE7FF27
(1750925887.350579) can0 18F0111E#3F4800007E000000
(1750925887.351468) can0 18F0121E#07050000
(1750925887.352525) can0 18F0201E#FF7FFFFFFFFF64
(1750925887.353490) can0 18F0211E#000000000000
(1750925887.354393) can0 18F0221E#7F7F7F
(1750925887.355581) can0 18F0241E#80FF2C0180FF2C01
(1750925887.356536) can0 18F0311E#3030323134360000
(1750925887.357517) can0 18F0321E#412D3130422D3035
(1750925887.358498) can0 18F0331E#412D3031412D3031
(1750925887.359495) can0 18F0401E#604D000000000000
(1750925887.535395) can0 18F0011E#FB630700
(1750925887.536318) can0 18F0021E#00000000
(1750925887.537291) can0 18F0031E#00000000
(1750925887.538368) can0 18F0041E#0000000000000000
(1750925887.539347) can0 18F0051E#0000000000000000
(1750925887.540322) can0 18F0061E#0000000000000000
(1750925887.541300) can0 18F0071E#0000000000000000
(1750925887.542280) can0 18F0081E#0000000000000000
(1750925887.543259) can0 18F0091E#0000000000000000
(1750925887.544237) can0 18F00A1E#0000000000000000
(1750925887.545240) can0 18F00B1E#0000000000000000
(1750925887.546246) can0 18F00C1E#0000000000000000
(1750925887.547147) can0 18F00D1E#00000000
(1750925887.548208) can0 18F0101E#0B040000FFE7FF27
(1750925887.549194) can0 18F0111E#3F4800007E000000
(1750925887.550100) can0 18F0121E#07050000
(1750925887.551140) can0 18F0201E#FF7FFFFFFFFF64
(1750925887.736244) can0 18F0011E#FB630700
(1750925887.737208) can0 18F0021E#00000000
(1750925887.738185) can0 18F0031E#00000000
(1750925887.739267) can0 18F0041E#0000000000000000
(1750925887.740239) can0 18F0051E#0000000000000000
(1750925887.741215) can0 18F0061E#0000000000000000
(1750925887.742194) can0 18F0071E#0000000000000000
(1750925887.743176) can0 18F0081E#0000000000000000
(1750925887.744154) can0 18F0091E#0000000000000000
(1750925887.745155) can0 18F00A1E#0000000000000000
(1750925887.746151) can0 18F00B1E#0000000000000000
(1750925887.747141) can0 18F00C1E#0000000000000000
(1750925887.748043) can0 18F00D1E#00000000
(1750925887.749097) can0 18F0101E#0B040000FFE7FF27
(1750925887.750079) can0 18F0111E#3F4800007E000000
(1750925887.750981) can0 18F0121E#07050000
(1750925887.752024) can0 18F0201E#FF7FFFFFFFFF64
(1750925887.935809) can0 18F0011E#FB630700
(1750925887.936782) can0 18F0021E#00000000
(1750925887.937758) can0 18F0031E#00000000
(1750925887.938836) can0 18F0041E#0000000000000000
(1750925887.939810) can0 18F0051E#0000000000000000
(1750925887.940786) can0 18F0061E#0000000000000000
(1750925887.941766) can0 18F0071E#0000000000000000
(1750925887.942746) can0 18F0081E#0000000000000000
(1750925887.943726) can0 18F0091E#0000000000000000
(1750925887.944702) can0 18F00A1E#0000000000000000
(1750925887.945728) can0 18F00B1E#0000000000000000
(1750925887.946722) can0 18F00C1E#0000000000000000
(1750925887.947632) can0 18F00D1E#00000000
(1750925887.948680) can0 18F0101E#0B040000FFE7FF27
(1750925887.949665) can0 18F0111E#3F4800007E000000
(1750925887.950571) can0 18F0121E#07050000
(1750925887.951621) can0 18F0201E#FF7FFFFFFFFF64
(1750925888.135368) can0 18F0011E#FB630700
(1750925888.136348) can0 18F0021E#00000000
(1750925888.137324) can0 18F0031E#00000000
(1750925888.138402) can0 18F0041E#0000000000000000
(1750925888.139383) can0 18F0051E#0000000000000000
(1750925888.140354) can0 18F0061E#0000000000000000
(1750925888.141332) can0 18F0071E#0000000000000000
(1750925888.142314) can0 18F0081E#0000000000000000
(1750925888.143293) can0 18F0091E#0000000000000000
(1750925888.144270) can0 18F00A1E#0000000000000000
(1750925888.145272) can0 18F00B1E#0000000000000000
(1750925888.146278) can0 18F00C1E#0000000000000000
(1750925888.147182) can0 18F00D1E#00000000
(1750925888.148238) can0 18F0101E#0B040000FFE7FF27
(1750925888.149222) can0 18F0111E#3F4800007E000000
(1750925888.150128) can0 18F0121E#07050000
(1750925888.151168) can0 18F0201E#FF7FFFFFFFFF64
(1750925888.336939) can0 18F0011E#FB630700
(1750925888.338222) can0 18F0021E#00000000
(1750925888.339214) can0 18F0031E#00000000
(1750925888.340274) can0 18F0041E#0000000000000000
(1750925888.341250) can0 18F0051E#0000000000000000
(1750925888.342226) can0 18F0061E#0000000000000000
(1750925888.343204) can0 18F0071E#0000000000000000
(1750925888.344186) can0 18F0081E#0000000000000000
(1750925888.345190) can0 18F0091E#0000000000000000
(1750925888.346186) can0 18F00A1E#0000000000000000
(1750925888.347170) can0 18F00B1E#0000000000000000
(1750925888.348159) can0 18F00C1E#0000000000000000
(1750925888.349065) can0 18F00D1E#00000000
(1750925888.350114) can0 18F0101E#0B040000FFE7FF27
(1750925888.351096) can0 18F0111E#3F4800007E000000
(1750925888.351995) can0 18F0121E#07050000
(1750925888.353033) can0 18F0201E#FF7FFFFFFFFF64
(1750925888.353994) can0 18F0211E#000000000000
(1750925888.355008) can0 18F0221E#7F7F7F
(1750925888.356077) can0 18F0241E#80FF2C0180FF2C01
(1750925888.357047) can0 18F0311E#3030323134360000
(1750925888.358022) can0 18F0321E#412D3130422D3035
(1750925888.359001) can0 18F0331E#412D3031412D3031
(1750925888.359995) can0 18F0401E#604D000000000000
(1750925888.535861) can0 18F0011E#FB630700
(1750925888.536846) can0 18F0021E#00000000
(1750925888.537824) can0 18F0031E#00000000
(1750925888.538902) can0 18F0041E#0000000000000000
(1750925888.539878) can0 18F0051E#0000000000000000
(1750925888.540856) can0 18F0061E#0000000000000000
(1750925888.541833) can0 18F0071E#0000000000000000
(1750925888.542813) can0 18F0081E#0000000000000000
(1750925888.543794) can0 18F0091E#0000000000000000
(1750925888.544769) can0 18F00A1E#0000000000000000
(1750925888.545794) can0 18F00B1E#0000000000000000
(1750925888.546790) can0 18F00C1E#0000000000000000
(1750925888.547694) can0 18F00D1E#00000000
(1750925888.548746) can0 18F0101E#0B040000FFE7FF27
(1750925888.549734) can0 18F0111E#3F4800007E000000
(1750925888.550637) can0 18F0121E#07050000
(1750925888.551678) can0 18F0201E#FF7FFFFFFFFF64
(1750925888.735629) can0 18F0011E#FB630700
(1750925888.736598) can0 18F0021E#00000000
(1750925888.737576) can0 18F0031E#00000000
(1750925888.738654) can0 18F0041E#0000000000000000
(1750925888.739628) can0 18F0051E#0000000000000000
(1750925888.740604) can0 18F0061E#0000000000000000
(1750925888.741584) can0 18F0071E#0000000000000000
(1750925888.742564) can0 18F0081E#0000000000000000
(1750925888.743542) can0 18F0091E#0000000000000000
(1750925888.744502) can0 18F00A1E#0000000000000000
(1750925888.745506) can0 18F00B1E#0000000000000000
(1750925888.746512) can0 18F00C1E#0000000000000000
(1750925888.747420) can0 18F00D1E#00000000
(1750925888.748476) can0 18F0101E#0B040000FFE7FF27
(1750925888.749462) can0 18F0111E#3F4800007E000000
(1750925888.750368) can0 18F0121E#07050000
(1750925888.751408) can0 18F0201E#FF7FFFFFFFFF64
(1750925888.935391) can0 18F0011E#FB630700
(1750925888.936356) can0 18F0021E#00000000
(1750925888.937334) can0 18F0031E#00000000
(1750925888.938412) can0 18F0041E#0000000000000000
(1750925888.939387) can0 18F0051E#0000000000000000
(1750925888.940364) can0 18F0061E#0000000000000000
(1750925888.941342) can0 18F0071E#0000000000000000
(1750925888.942324) can0 18F0081E#0000000000000000
(1750925888.943303) can0 18F0091E#0000000000000000
(1750925888.944280) can0 18F00A1E#0000000000000000
(1750925888.945286) can0 18F00B1E#0000000000000000
(1750925888.946288) can0 18F00C1E#0000000000000000
(1750925888.947193) can0 18F00D1E#00000000
(1750925888.948246) can0 18F0101E#0B040000FFE7FF27
(1750925888.949236) can0 18F0111E#3F4800007E000000
(1750925888.950136) can0 18F0121E#07050000
(1750925888.951174) can0 18F0201E#FF7FFFFFFFFF64
(1750925889.135908) can0 18F0011E#FB630700
(1750925889.136893) can0 18F0021E#00000000
(1750925889.137871) can0 18F0031E#00000000
(1750925889.138949) can0 18F0041E#0000000000000000
(1750925889.139923) can0 18F0051E#0000000000000000
(1750925889.140899) can0 18F0061E#0000000000000000
(1750925889.141881) can0 18F0071E#0000000000000000
(1750925889.142860) can0 18F0081E#0000000000000000
(1750925889.143841) can0 18F0091E#0000000000000000
(1750925889.144818) can0 18F00A1E#0000000000000000
(1750925889.145844) can0 18F00B1E#0000000000000000
(1750925889.146840) can0 18F00C1E#0000000000000000
(1750925889.147745) can0 18F00D1E#00000000
(1750925889.148796) can0 18F0101E#0B040000FFE7FF27
(1750925889.149780) can0 18F0111E#3F4800007E000000
(1750925889.150686) can0 18F0121E#07050000
(1750925889.151727) can0 18F0201E#FF7FFFFFFFFF64
(1750925889.336332) can0 18F0011E#FB630700
(1750925889.337633) can0 18F0021E#00000000
(1750925889.338633) can0 18F0031E#00000000
(1750925889.339694) can0 18F0041E#0000000000000000
(1750925889.340667) can0 18F0051E#0000000000000000
(1750925889.341647) can0 18F0061E#0000000000000000
(1750925889.342625) can0 18F0071E#0000000000000000
(1750925889.343607) can0 18F0081E#0000000000000000
(1750925889.344585) can0 18F0091E#0000000000000000
(1750925889.345585) can0 18F00A1E#0000000000000000
(1750925889.346585) can0 18F00B1E#0000000000000000
(1750925889.347579) can0 18F00C1E#0000000000000000
(1750925889.348485) can0 18F00D1E#00000000
(1750925889.349537) can0 18F0101E#0B040000FFE7FF27
(1750925889.350522) can0 18F0111E#3F4800007E000000
(1750925889.351429) can0 18F0121E#07050000
(1750925889.352450) can0 18F0201E#FF7FFFFFFFFF64
(1750925889.353412) can0 18F0211E#000000000000
(1750925889.354332) can0 18F0221E#7F7F7F
(1750925889.355519) can0 18F0241E#80FF2C0180FF2C01
(1750925889.356494) can0 18F0311E#3030323134360000
(1750925889.357454) can0 18F0321E#412D3130422D3035
(1750925889.358438) can0 18F0331E#412D3031412D3031
(1750925889.359435) can0 18F0401E#604D000000000000
(1750925889.535480) can0 18F0011E#FB630700
(1750925889.536449) can0 18F0021E#00000000
(1750925889.537425) can0 18F0031E#00000000
(1750925889.538503) can0 18F0041E#0000000000000000
(1750925889.539461) can0 18F0051E#0000000000000000
(1750925889.540437) can0 18F0061E#0000000000000000
(1750925889.541415) can0 18F0071E#0000000000000000
(1750925889.542397) can0 18F0081E#0000000000000000
(1750925889.543376) can0 18F0091E#0000000000000000
(1750925889.544353) can0 18F00A1E#0000000000000000
(1750925889.545357) can0 18F00B1E#0000000000000000
(1750925889.546359) can0 18F00C1E#0000000000000000
(1750925889.547265) can0 18F00D1E#00000000
(1750925889.548319) can0 18F0101E#0B040000FFE7FF27
(1750925889.549309) can0 18F0111E#3F4800007E000000
(1750925889.550213) can0 18F0121E#07050000
(1750925889.551253) can0 18F0201E#FF7FFFFFFFFF64
(1750925889.736169) can0 18F0011E#FB630700
(1750925889.737153) can0 18F0021E#00000000
(1750925889.738131) can0 18F0031E#00000000
(1750925889.739208) can0 18F0041E#0000000000000000
(1750925889.740183) can0 18F0051E#0000000000000000
(1750925889.741161) can0 18F0061E#0000000000000000
(1750925889.742139) can0 18F0071E#0000000000000000
(1750925889.743120) can0 18F0081E#0000000000000000
(1750925889.744099) can0 18F0091E#0000000000000000
(1750925889.745099) can0 18F00A1E#0000000000000000
(1750925889.746099) can0 18F00B1E#0000000000000000
(1750925889.747096) can0 18F00C1E#0000000000000000
(1750925889.747999) can0 18F00D1E#00000000
(1750925889.749051) can0 18F0101E#0B040000FFE7FF27
(1750925889.750037) can0 18F0111E#3F4800007E000000
(1750925889.750941) can0 18F0121E#07050000
(1750925889.751981) can0 18F0201E#FF7FFFFFFFFF64
(1750925889.935741) can0 18F0011E#FB630700
(1750925889.936727) can0 18F0021E#00000000
(1750925889.937704) can0 18F0031E#00000000
(1750925889.938782) can0 18F0041E#0000000000000000
(1750925889.939755) can0 18F0051E#0000000000000000
(1750925889.940733) can0 18F0061E#0000000000000000
(1750925889.941711) can0 18F0071E#0000000000000000
(1750925889.942693) can0 18F0081E#0000000000000000
(1750925889.943672) can0 18F0091E#0000000000000000
(1750925889.944647) can0 18F00A1E#0000000000000000
(1750925889.945673) can0 18F00B1E#0000000000000000
(1750925889.946667) can0 18F00C1E#0000000000000000
(1750925889.947572) can0 18F00D1E#00000000
(1750925889.948623) can0 18F0101E#0B040000FFE7FF27
(1750925889.949609) can0 18F0111E#3F4800007E000000
(1750925889.950515) can0 18F0121E#07050000
(1750925889.951556) can0 18F0201E#FF7FFFFFFFFF64
(1750925890.135481) can0 18F0011E#FB630700
(1750925890.136466) can0 18F0021E#00000000
(1750925890.137444) can0 18F0031E#00000000
(1750925890.138522) can0 18F0041E#0000000000000000
(1750925890.139498) can0 18F0051E#0000000000000000
(1750925890.140474) can0 18F0061E#0000000000000000
(1750925890.141434) can0 18F0071E#0000000000000000
(1750925890.142416) can0 18F0081E#0000000000000000
(1750925890.143393) can0 18F0091E#0000000000000000
(1750925890.144371) can0 18F00A1E#0000000000000000
(1750925890.145375) can0 18F00B1E#0000000000000000
(1750925890.146377) can0 18F00C1E#0000000000000000
(1750925890.147282) can0 18F00D1E#00000000
(1750925890.148337) can0 18F0101E#0B040000FFE7FF27
(1750925890.149328) can0 18F0111E#3F4800007E000000
(1750925890.150232) can0 18F0121E#07050000
(1750925890.151268) can0 18F0201E#FF7FFFFFFFFF64
(1750925890.335942) can0 18F0011E#FB630700
(1750925890.336906) can0 18F0021E#00000000
(1750925890.338202) can0 18F0031E#00000000
(1750925890.339263) can0 18F0041E#0000000000000000
(1750925890.340238) can0 18F0051E#0000000000000000
(1750925890.341218) can0 18F0061E#0000000000000000
(1750925890.342196) can0 18F0071E#0000000000000000
(1750925890.343177) can0 18F0081E#0000000000000000
(1750925890.344154) can0 18F0091E#0000000000000000
(1750925890.345156) can0 18F00A1E#0000000000000000
(1750925890.346156) can0 18F00B1E#0000000000000000
(1750925890.347144) can0 18F00C1E#0000000000000000
(1750925890.348052) can0 18F00D1E#00000000
(1750925890.349104) can0 18F0101E#0B040000FFE7FF27
(1750925890.350090) can0 18F0111E#3F4800007E000000
(1750925890.351002) can0 18F0121E#07050000
(1750925890.352038) can0 18F0201E#FF7FFFFFFFFF64
(1750925890.353002) can0 18F0211E#000000000000
(1750925890.353922) can0 18F0221E#7F7F7F
(1750925890.355090) can0 18F0241E#80FF2C0180FF2C01
(1750925890.356065) can0 18F0311E#3030323134360000
(1750925890.357044) can0 18F0321E#412D3130422D3035
(1750925890.358025) can0 18F0331E#412D3031412D3031
(1750925890.359024) can0 18F0401E#604D000000000000
(1750925890.535843) can0 18F0011E#FB630700
(1750925890.536811) can0 18F0021E#00000000
(1750925890.537787) can0 18F0031E#00000000
(1750925890.538865) can0 18F0041E#0000000000000000
(1750925890.539839) can0 18F0051E#0000000000000000
(1750925890.540817) can0 18F0061E#0000000000000000
(1750925890.541797) can0 18F0071E#0000000000000000
(1750925890.542779) can0 18F0081E#0000000000000000
(1750925890.543759) can0 18F0091E#0000000000000000
(1750925890.544734) can0 18F00A1E#0000000000000000
(1750925890.545758) can0 18F00B1E#0000000000000000
(1750925890.546754) can0 18F00C1E#0000000000000000
(1750925890.547658) can0 18F00D1E#00000000
(1750925890.548710) can0 18F0101E#0B040000FFE7FF27
(1750925890.549696) can0 18F0111E#3F4800007E000000
(1750925890.550601) can0 18F0121E#07050000
(1750925890.551642) can0 18F0201E#FF7FFFFFFFFF64
(1750925890.735763) can0 18F0011E#FB630700
(1750925890.736738) can0 18F0021E#00000000
(1750925890.737716) can0 18F0031E#00000000
(1750925890.738794) can0 18F0041E#0000000000000000
(1750925890.739768) can0 18F0051E#0000000000000000
(1750925890.740744) can0 18F0061E#0000000000000000
(1750925890.741727) can0 18F0071E#0000000000000000
(1750925890.742717) can0 18F0081E#0000000000000000
(1750925890.743683) can0 18F0091E#0000000000000000
(1750925890.744660) can0 18F00A1E#0000000000000000
(1750925890.745682) can0 18F00B1E#0000000000000000
(1750925890.746695) can0 18F00C1E#0000000000000000
(1750925890.747578) can0 18F00D1E#00000000
(1750925890.748633) can0 18F0101E#0B040000FFE7FF27
(1750925890.749616) can0 18F0111E#3F4800007E000000
(1750925890.750517) can0 18F0121E#07050000
(1750925890.751558) can0 18F0201E#FF7FFFFFFFFF64
(1750925890.935346) can0 18F0011E#FB630700
(1750925890.936319) can0 18F0021E#00000000
(1750925890.937297) can0 18F0031E#00000000
(1750925890.938373) can0 18F0041E#0000000000000000
(1750925890.939349) can0 18F0051E#0000000000000000
(1750925890.940325) can0 18F0061E#0000000000000000
(1750925890.941305) can0 18F0071E#0000000000000000
(1750925890.942285) can0 18F0081E#0000000000000000
(1750925890.943265) can0 18F0091E#0000000000000000
(1750925890.944243) can0 18F00A1E#0000000000000000
(1750925890.945247) can0 18F00B1E#0000000000000000
(1750925890.946253) can0 18F00C1E#0000000000000000
(1750925890.947153) can0 18F00D1E#00000000
(1750925890.948216) can0 18F0101E#0B040000FFE7FF27
(1750925890.949204) can0 18F0111E#3F4800007E000000
(1750925890.950110) can0 18F0121E#07050000
(1750925890.951150) can0 18F0201E#FF7FFFFFFFFF64
(1750925891.135897) can0 18F0011E#FB630700
(1750925891.136867) can0 18F0021E#00000000
(1750925891.137843) can0 18F0031E#00000000
(1750925891.138923) can0 18F0041E#0000000000000000
(1750925891.139897) can0 18F0051E#0000000000000000
(1750925891.140875) can0 18F0061E#0000000000000000
(1750925891.141855) can0 18F0071E#0000000000000000
(1750925891.142835) can0 18F0081E#0000000000000000
(1750925891.143814) can0 18F0091E#0000000000000000
(1750925891.144793) can0 18F00A1E#0000000000000000
(1750925891.145817) can0 18F00B1E#0000000000000000
(1750925891.146813) can0 18F00C1E#0000000000000000
(1750925891.147719) can0 18F00D1E#00000000
(1750925891.148771) can0 18F0101E#0B040000FFE7FF27
(1750925891.149759) can0 18F0111E#3F4800007E000000
(1750925891.150665) can0 18F0121E#07050000
(1750925891.151703) can0 18F0201E#FF7FFFFFFFFF64
(1750925891.336515) can0 18F0011E#FB630700
(1750925891.337774) can0 18F0021E#00000000
(1750925891.338774) can0 18F0031E#00000000
(1750925891.339833) can0 18F0041E#0000000000000000
(1750925891.340807) can0 18F0051E#0000000000000000
(1750925891.341784) can0 18F0061E#0000000000000000
(1750925891.342765) can0 18F0071E#0000000000000000
(1750925891.343746) can0 18F0081E#0000000000000000
(1750925891.344723) can0 18F0091E#0000000000000000
(1750925891.345743) can0 18F00A1E#0000000000000000
(1750925891.346729) can0 18F00B1E#0000000000000000
(1750925891.347720) can0 18F00C1E#0000000000000000
(1750925891.348623) can0 18F00D1E#00000000
(1750925891.349673) can0 18F0101E#0B040000FFE7FF27
(1750925891.350655) can0 18F0111E#3F4800007E000000
(1750925891.351560) can0 18F0121E#07050000
(1750925891.352595) can0 18F0201E#FF7FFFFFFFFF64
(1750925891.353555) can0 18F0211E#000000000000
(1750925891.354473) can0 18F0221E#7F7F7F
(1750925891.355636) can0 18F0241E#80FF2C0180FF2C01
(1750925891.356611) can0 18F0311E#3030323134360000
(1750925891.357585) can0 18F0321E#412D3130422D3035
(1750925891.358561) can0 18F0331E#412D3031412D3031
(1750925891.359560) can0 18F0401E#604D000000000000
(1750925891.535430) can0 18F0011E#FB630700
(1750925891.536398) can0 18F0021E#00000000
(1750925891.537376) can0 18F0031E#00000000
(1750925891.538452) can0 18F0041E#0000000000000000
(1750925891.539428) can0 18F0051E#0000000000000000
(1750925891.540386) can0 18F0061E#0000000000000000
(1750925891.541366) can0 18F0071E#0000000000000000
(1750925891.542346) can0 18F0081E#0000000000000000
(1750925891.543324) can0 18F0091E#0000000000000000
(1750925891.544302) can0 18F00A1E#0000000000000000
(1750925891.545306) can0 18F00B1E#0000000000000000
(1750925891.546311) can0 18F00C1E#0000000000000000
(1750925891.547220) can0 18F00D1E#00000000
(1750925891.548277) can0 18F0101E#0B040000FFE7FF27
(1750925891.549263) can0 18F0111E#3F4800007E000000
(1750925891.550169) can0 18F0121E#07050000
(1750925891.551210) can0 18F0201E#FF7FFFFFFFFF64
(1750925891.735223) can0 18F0011E#FB630700
(1750925891.736139) can0 18F0021E#00000000
(1750925891.737115) can0 18F0031E#00000000
(1750925891.738178) can0 18F0041E#0000000000000000
(1750925891.739164) can0 18F0051E#0000000000000000
(1750925891.740144) can0 18F0061E#0000000000000000
(1750925891.741122) can0 18F0071E#0000000000000000
(1750925891.742104) can0 18F0081E#0000000000000000
(1750925891.743084) can0 18F0091E#0000000000000000
(1750925891.744060) can0 18F00A1E#0000000000000000
(1750925891.745064) can0 18F00B1E#0000000000000000
(1750925891.746068) can0 18F00C1E#0000000000000000
(1750925891.746976) can0 18F00D1E#00000000
(1750925891.748032) can0 18F0101E#0B040000FFE7FF27
(1750925891.749018) can0 18F0111E#3F4800007E000000
(1750925891.749924) can0 18F0121E#07050000
(1750925891.750964) can0 18F0201E#FF7FFFFFFFFF64
(1750925891.935900) can0 18F0011E#FB630700
(1750925891.936876) can0 18F0021E#00000000
(1750925891.937852) can0 18F0031E#00000000
(1750925891.938930) can0 18F0041E#0000000000000000
(1750925891.939904) can0 18F0051E#0000000000000000
(1750925891.940882) can0 18F0061E#0000000000000000
(1750925891.941860) can0 18F0071E#0000000000000000
(1750925891.942840) can0 18F0081E#0000000000000000
(1750925891.943820) can0 18F0091E#0000000000000000
(1750925891.944796) can0 18F00A1E#0000000000000000
(1750925891.945818) can0 18F00B1E#0000000000000000
(1750925891.946815) can0 18F00C1E#0000000000000000
(1750925891.947714) can0 18F00D1E#00000000
(1750925891.948769) can0 18F0101E#0B040000FFE7FF27
(1750925891.949754) can0 18F0111E#3F4800007E000000
(1750925891.950660) can0 18F0121E#07050000
(1750925891.951696) can0 18F0201E#FF7FFFFFFFFF64
(1750925892.135476) can0 18F0011E#FB630700
(1750925892.136446) can0 18F0021E#00000000
(1750925892.137422) can0 18F0031E#00000000
(1750925892.138500) can0 18F0041E#0000000000000000
(1750925892.139474) can0 18F0051E#0000000000000000
(1750925892.140452) can0 18F0061E#0000000000000000
(1750925892.141430) can0 18F0071E#0000000000000000
(1750925892.142410) can0 18F0081E#0000000000000000
(1750925892.143373) can0 18F0091E#0000000000000000
(1750925892.144348) can0 18F00A1E#0000000000000000
(1750925892.145352) can0 18F00B1E#0000000000000000
(1750925892.146358) can0 18F00C1E#0000000000000000
(1750925892.147265) can0 18F00D1E#00000000
(1750925892.148320) can0 18F0101E#0B040000FFE7FF27
(1750925892.149306) can0 18F0111E#3F4800007E000000
(1750925892.150214) can0 18F0121E#07050000
(1750925892.151255) can0 18F0201E#FF7FFFFFFFFF64
(1750925892.335929) can0 18F0011E#FB630700
(1750925892.336883) can0 18F0021E#00000000
(1750925892.338179) can0 18F0031E#00000000
(1750925892.339240) can0 18F0041E#0000000000000000
(1750925892.340215) can0 18F0051E#0000000000000000
(1750925892.341193) can0 18F0061E#0000000000000000
(1750925892.342173) can0 18F0071E#0000000000000000
(1750925892.343156) can0 18F0081E#0000000000000000
(1750925892.344135) can0 18F0091E#0000000000000000
(1750925892.345135) can0 18F00A1E#0000000000000000
(1750925892.346129) can0 18F00B1E#0000000000000000
(1750925892.347129) can0 18F00C1E#0000000000000000
(1750925892.348033) can0 18F00D1E#00000000
(1750925892.349085) can0 18F0101E#0B040000FFE7FF27
(1750925892.350070) can0 18F0111E#3F4800007E000000
(1750925892.350976) can0 18F0121E#07050000
(1750925892.352016) can0 18F0201E#FF7FFFFFFFFF64
(1750925892.352980) can0 18F0211E#000000000000
(1750925892.353900) can0 18F0221E#7F7F7F
(1750925892.355074) can0 18F0241E#80FF2C0180FF2C01
(1750925892.356046) can0 18F0311E#3030323134360000
(1750925892.357023) can0 18F0321E#412D3130422D3035
(1750925892.358004) can0 18F0331E#412D3031412D3031
(1750925892.359003) can0 18F0401E#604D000000000000
(1750925892.535968) can0 18F0011E#FB630700
(1750925892.536951) can0 18F0021E#00000000
(1750925892.537929) can0 18F0031E#00000000
(1750925892.539019) can0 18F0041E#0000000000000000
(1750925892.539983) can0 18F0051E#0000000000000000
(1750925892.540959) can0 18F0061E#0000000000000000
(1750925892.541937) can0 18F0071E#0000000000000000
(1750925892.542917) can0 18F0081E#0000000000000000
(1750925892.543897) can0 18F0091E#0000000000000000
(1750925892.544896) can0 18F00A1E#0000000000000000
(1750925892.545894) can0 18F00B1E#0000000000000000
(1750925892.546886) can0 18F00C1E#0000000000000000
(1750925892.547789) can0 18F00D1E#00000000
(1750925892.548852) can0 18F0101E#0B040000FFE7FF27
(1750925892.549836) can0 18F0111E#3F4800007E000000
(1750925892.550732) can0 18F0121E#07050000
(1750925892.551769) can0 18F0201E#FF7FFFFFFFFF64
(1750925892.735614) can0 18F0011E#FB630700
(1750925892.736579) can0 18F0021E#00000000
(1750925892.737555) can0 18F0031E#00000000
(1750925892.738634) can0 18F0041E#0000000000000000
(1750925892.739608) can0 18F0051E#0000000000000000
(1750925892.740585) can0 18F0061E#0000000000000000
(1750925892.741565) can0 18F0071E#0000000000000000
(1750925892.742545) can0 18F0081E#0000000000000000
(1750925892.743526) can0 18F0091E#0000000000000000
(1750925892.744503) can0 18F00A1E#0000000000000000
(1750925892.745527) can0 18F00B1E#0000000000000000
(1750925892.746523) can0 18F00C1E#0000000000000000
(1750925892.747429) can0 18F00D1E#00000000
(1750925892.748480) can0 18F0101E#0B040000FFE7FF27
(1750925892.749466) can0 18F0111E#3F4800007E000000
(1750925892.750372) can0 18F0121E#07050000
(1750925892.751413) can0 18F0201E#FF7FFFFFFFFF64
(1750925892.935531) can0 18F0011E#FB630700
(1750925892.936490) can0 18F0021E#00000000
(1750925892.937466) can0 18F0031E#00000000
(1750925892.938544) can0 18F0041E#0000000000000000
(1750925892.939520) can0 18F0051E#0000000000000000
(1750925892.940496) can0 18F0061E#0000000000000000
(1750925892.941474) can0 18F0071E#0000000000000000
(1750925892.942453) can0 18F0081E#0000000000000000
(1750925892.943432) can0 18F0091E#0000000000000000
(1750925892.944410) can0 18F00A1E#0000000000000000
(1750925892.945413) can0 18F00B1E#0000000000000000
(1750925892.946419) can0 18F00C1E#0000000000000000
(1750925892.947328) can0 18F00D1E#00000000
(1750925892.948383) can0 18F0101E#0B040000FFE7FF27
(1750925892.949349) can0 18F0111E#3F4800007E000000
(1750925892.950255) can0 18F0121E#07050000
(1750925892.951296) can0 18F0201E#FF7FFFFFFFFF64
(1750925893.135236) can0 18F0011E#FB630700
(1750925893.136216) can0 18F0021E#00000000
(1750925893.137191) can0 18F0031E#00000000
(1750925893.138270) can0 18F0041E#0000000000000000
(1750925893.139246) can0 18F0051E#0000000000000000
(1750925893.140221) can0 18F0061E#0000000000000000
(1750925893.141201) can0 18F0071E#0000000000000000
(1750925893.142184) can0 18F0081E#0000000000000000
(1750925893.143165) can0 18F0091E#0000000000000000
(1750925893.144142) can0 18F00A1E#0000000000000000
(1750925893.145146) can0 18F00B1E#0000000000000000
(1750925893.146144) can0 18F00C1E#0000000000000000
(1750925893.147051) can0 18F00D1E#00000000
(1750925893.148110) can0 18F0101E#0B040000FFE7FF27
(1750925893.149099) can0 18F0111E#3F4800007E000000
(1750925893.150002) can0 18F0121E#07050000
(1750925893.151038) can0 18F0201E#FF7FFFFFFFFF64
(1750925893.336641) can0 18F0011E#FB630700
(1750925893.337924) can0 18F0021E#00000000
(1750925893.338923) can0 18F0031E#00000000
(1750925893.339982) can0 18F0041E#0000000000000000
(1750925893.340958) can0 18F0051E#0000000000000000
(1750925893.341934) can0 18F0061E#0000000000000000
(1750925893.342912) can0 18F0071E#0000000000000000
(1750925893.343892) can0 18F0081E#0000000000000000
(1750925893.344894) can0 18F0091E#0000000000000000
(1750925893.345892) can0 18F00A1E#0000000000000000
(1750925893.346882) can0 18F00B1E#0000000000000000
(1750925893.347875) can0 18F00C1E#0000000000000000
(1750925893.348774) can0 18F00D1E#00000000
(1750925893.349826) can0 18F0101E#0B040000FFE7FF27
(1750925893.350812) can0 18F0111E#3F4800007E000000
(1750925893.351720) can0 18F0121E#07050000
(1750925893.352760) can0 18F0201E#FF7FFFFFFFFF64
(1750925893.353724) can0 18F0211E#000000000000
(1750925893.354714) can0 18F0221E#7F7F7F
(1750925893.355812) can0 18F0241E#80FF2C0180FF2C01
(1750925893.356787) can0 18F0311E#3030323134360000
(1750925893.357766) can0 18F0321E#412D3130422D3035
(1750925893.358748) can0 18F0331E#412D3031412D3031
(1750925893.359746) can0 18F0401E#604D000000000000
(1750925893.535591) can0 18F0011E#FB630700
(1750925893.536558) can0 18F0021E#00000000
(1750925893.537534) can0 18F0031E#00000000
(1750925893.538612) can0 18F0041E#0000000000000000
(1750925893.539587) can0 18F0051E#0000000000000000
(1750925893.540564) can0 18F0061E#0000000000000000
(1750925893.541544) can0 18F0071E#0000000000000000
(1750925893.542524) can0 18F0081E#0000000000000000
(1750925893.543502) can0 18F0091E#0000000000000000
(1750925893.544480) can0 18F00A1E#0000000000000000
(1750925893.545506) can0 18F00B1E#0000000000000000
(1750925893.546502) can0 18F00C1E#0000000000000000
(1750925893.547415) can0 18F00D1E#00000000
(1750925893.548458) can0 18F0101E#0B040000FFE7FF27
(1750925893.549444) can0 18F0111E#3F4800007E000000
(1750925893.550350) can0 18F0121E#07050000
(1750925893.551405) can0 18F0201E#FF7FFFFFFFFF64
(1750925893.735529) can0 18F0011E#FB630700
(1750925893.736499) can0 18F0021E#00000000
(1750925893.737477) can0 18F0031E#00000000
(1750925893.738555) can0 18F0041E#0000000000000000
(1750925893.739538) can0 18F0051E#0000000000000000
(1750925893.740504) can0 18F0061E#0000000000000000
(1750925893.741484) can0 18F0071E#0000000000000000
(1750925893.742464) can0 18F0081E#0000000000000000
(1750925893.743445) can0 18F0091E#0000000000000000
(1750925893.744420) can0 18F00A1E#0000000000000000
(1750925893.745424) can0 18F00B1E#0000000000000000
(1750925893.746426) can0 18F00C1E#0000000000000000
(1750925893.747331) can0 18F00D1E#00000000
(1750925893.748384) can0 18F0101E#0B040000FFE7FF27
(1750925893.749374) can0 18F0111E#3F4800007E000000
(1750925893.750276) can0 18F0121E#07050000
(1750925893.751308) can0 18F0201E#FF7FFFFFFFFF64
(1750925893.936055) can0 18F0011E#FB630700
(1750925893.937031) can0 18F0021E#00000000
(1750925893.938009) can0 18F0031E#00000000
(1750925893.939090) can0 18F0041E#0000000000000000
(1750925893.940061) can0 18F0051E#0000000000000000
(1750925893.941037) can0 18F0061E#0000000000000000
(1750925893.942015) can0 18F0071E#0000000000000000
(1750925893.942997) can0 18F0081E#0000000000000000
(1750925893.943975) can0 18F0091E#0000000000000000
(1750925893.944977) can0 18F00A1E#0000000000000000
(1750925893.945976) can0 18F00B1E#0000000000000000
(1750925893.946970) can0 18F00C1E#0000000000000000
(1750925893.947884) can0 18F00D1E#00000000
(1750925893.948927) can0 18F0101E#0B040000FFE7FF27
(1750925893.949914) can0 18F0111E#3F4800007E000000
(1750925893.950820) can0 18F0121E#07050000
(1750925893.951869) can0 18F0201E#FF7FFFFFFFFF64
(1750925894.135639) can0 18F0011E#FB630700
(1750925894.136618) can0 18F0021E#00000000
(1750925894.137595) can0 18F0031E#00000000
(1750925894.138673) can0 18F0041E#0000000000000000
(1750925894.139650) can0 18F0051E#0000000000000000
(1750925894.140625) can0 18F0061E#0000000000000000
(1750925894.141605) can0 18F0071E#0000000000000000
(1750925894.142585) can0 18F0081E#0000000000000000
(1750925894.143564) can0 18F0091E#0000000000000000
(1750925894.144541) can0 18F00A1E#0000000000000000
(1750925894.145567) can0 18F00B1E#0000000000000000
(1750925894.146565) can0 18F00C1E#0000000000000000
(1750925894.147468) can0 18F00D1E#00000000
(1750925894.148519) can0 18F0101E#0B040000FFE7FF27
(1750925894.149505) can0 18F0111E#3F4800007E000000
(1750925894.150411) can0 18F0121E#07050000
(1750925894.151451) can0 18F0201E#FF7FFFFFFFFF64
(1750925894.336248) can0 18F0011E#FB630700
(1750925894.337528) can0 18F0021E#00000000
(1750925894.338525) can0 18F0031E#00000000
(1750925894.339586) can0 18F0041E#0000000000000000
(1750925894.340561) can0 18F0051E#0000000000000000
(1750925894.341537) can0 18F0061E#0000000000000000
(1750925894.342517) can0 18F0071E#0000000000000000
(1750925894.343498) can0 18F0081E#0000000000000000
(1750925894.344478) can0 18F0091E#0000000000000000
(1750925894.345496) can0 18F00A1E#0000000000000000
(1750925894.346482) can0 18F00B1E#0000000000000000
(1750925894.347472) can0 18F00C1E#0000000000000000
(1750925894.348377) can0 18F00D1E#00000000
(1750925894.349425) can0 18F0101E#0B040000FFE7FF27
(1750925894.350409) can0 18F0111E#3F4800007E000000
(1750925894.351312) can0 18F0121E#07050000
(1750925894.352347) can0 18F0201E#FF7FFFFFFFFF64
(1750925894.353309) can0 18F0211E#000000000000
(1750925894.354225) can0 18F0221E#7F7F7F
(1750925894.355392) can0 18F0241E#80FF2C0180FF2C01
(1750925894.356363) can0 18F0311E#3030323134360000
(1750925894.357339) can0 18F0321E#412D3130422D3035
(1750925894.358317) can0 18F0331E#412D3031412D3031
(1750925894.359296) can0 18F0401E#604D000000000000
(1750925894.535169) can0 18F0011E#FB630700
(1750925894.536146) can0 18F0021E#00000000
(1750925894.537124) can0 18F0031E#00000000
(1750925894.538202) can0 18F0041E#0000000000000000
(1750925894.539176) can0 18F0051E#0000000000000000
(1750925894.540154) can0 18F0061E#0000000000000000
(1750925894.541132) can0 18F0071E#0000000000000000
(1750925894.542114) can0 18F0081E#0000000000000000
(1750925894.543092) can0 18F0091E#0000000000000000
(1750925894.544071) can0 18F00A1E#0000000000000000
(1750925894.545075) can0 18F00B1E#0000000000000000
(1750925894.546081) can0 18F00C1E#0000000000000000
(1750925894.546988) can0 18F00D1E#00000000
(1750925894.548043) can0 18F0101E#0B040000FFE7FF27
(1750925894.549029) can0 18F0111E#3F4800007E000000
(1750925894.549935) can0 18F0121E#07050000
(1750925894.550975) can0 18F0201E#FF7FFFFFFFFF64
(1750925894.735893) can0 18F0011E#FB630700
(1750925894.736860) can0 18F0021E#00000000
(1750925894.737836) can0 18F0031E#00000000
(1750925894.738915) can0 18F0041E#0000000000000000
(1750925894.739890) can0 18F0051E#0000000000000000
(1750925894.740866) can0 18F0061E#0000000000000000
(1750925894.741844) can0 18F0071E#0000000000000000
(1750925894.742824) can0 18F0081E#0000000000000000
(1750925894.743802) can0 18F0091E#0000000000000000
(1750925894.744804) can0 18F00A1E#0000000000000000
(1750925894.745804) can0 18F00B1E#0000000000000000
(1750925894.746799) can0 18F00C1E#0000000000000000
(1750925894.747707) can0 18F00D1E#00000000
(1750925894.748757) can0 18F0101E#0B040000FFE7FF27
(1750925894.749743) can0 18F0111E#3F4800007E000000
(1750925894.750649) can0 18F0121E#07050000
(1750925894.751696) can0 18F0201E#FF7FFFFFFFFF64
(1750925894.935661) can0 18F0011E#FB630700
(1750925894.936617) can0 18F0021E#00000000
(1750925894.937592) can0 18F0031E#00000000
(1750925894.938670) can0 18F0041E#0000000000000000
(1750925894.939650) can0 18F0051E#0000000000000000
(1750925894.940624) can0 18F0061E#0000000000000000
(1750925894.941604) can0 18F0071E#0000000000000000
(1750925894.942584) can0 18F0081E#0000000000000000
(1750925894.943562) can0 18F0091E#0000000000000000
(1750925894.944539) can0 18F00A1E#0000000000000000
(1750925894.945560) can0 18F00B1E#0000000000000000
(1750925894.946552) can0 18F00C1E#0000000000000000
(1750925894.947454) can0 18F00D1E#00000000
(1750925894.948516) can0 18F0101E#0B040000FFE7FF27
(1750925894.949496) can0 18F0111E#3F4800007E000000
(1750925894.950398) can0 18F0121E#07050000
(1750925894.951434) can0 18F0201E#FF7FFFFFFFFF64
(1750925895.135231) can0 18F0011E#FB630700
(1750925895.136187) can0 18F0021E#00000000
(1750925895.137163) can0 18F0031E#00000000
(1750925895.138240) can0 18F0041E#0000000000000000
(1750925895.139210) can0 18F0051E#0000000000000000
(1750925895.140198) can0 18F0061E#0000000000000000
(1750925895.141183) can0 18F0071E#0000000000000000
(1750925895.142167) can0 18F0081E#0000000000000000
(1750925895.143136) can0 18F0091E#0000000000000000
(1750925895.144108) can0 18F00A1E#0000000000000000
(1750925895.145111) can0 18F00B1E#0000000000000000
(1750925895.146118) can0 18F00C1E#0000000000000000
(1750925895.147025) can0 18F00D1E#00000000
(1750925895.148092) can0 18F0101E#0B040000FFE7FF27
(1750925895.149068) can0 18F0111E#3F4800007E000000
(1750925895.149977) can0 18F0121E#07050000
(1750925895.151017) can0 18F0201E#FF7FFFFFFFFF64
(1750925895.336630) can0 18F0011E#FB630700
(1750925895.337912) can0 18F0021E#00000000
(1750925895.338922) can0 18F0031E#00000000
(1750925895.339970) can0 18F0041E#0000000000000000
(1750925895.340945) can0 18F0051E#0000000000000000
(1750925895.341915) can0 18F0061E#0000000000000000
(1750925895.342893) can0 18F0071E#0000000000000000
(1750925895.343877) can0 18F0081E#0000000000000000
(1750925895.344878) can0 18F0091E#0000000000000000
(1750925895.345877) can0 18F00A1E#0000000000000000
(1750925895.346865) can0 18F00B1E#0000000000000000
(1750925895.347857) can0 18F00C1E#0000000000000000
(1750925895.348756) can0 18F00D1E#00000000
(1750925895.349819) can0 18F0101E#0B040000FFE7FF27
(1750925895.350808) can0 18F0111E#3F4800007E000000
(1750925895.351700) can0 18F0121E#07050000
(1750925895.352738) can0 18F0201E#FF7FFFFFFFFF64
(1750925895.353704) can0 18F0211E#000000000000
(1750925895.354720) can0 18F0221E#7F7F7F
(1750925895.355795) can0 18F0241E#80FF2C0180FF2C01
(1750925895.356770) can0 18F0311E#3030323134360000
(1750925895.357745) can0 18F0321E#412D3130422D3035
(1750925895.358726) can0 18F0331E#412D3031412D3031
(1750925895.359725) can0 18F0401E#604D000000000000
(1750925895.535734) can0 18F0011E#FB630700
(1750925895.536706) can0 18F0021E#00000000
(1750925895.537684) can0 18F0031E#00000000
(1750925895.538762) can0 18F0041E#0000000000000000
(1750925895.539741) can0 18F0051E#0000000000000000
(1750925895.540714) can0 18F0061E#0000000000000000
(1750925895.541694) can0 18F0071E#0000000000000000
(1750925895.542674) can0 18F0081E#0000000000000000
(1750925895.543654) can0 18F0091E#0000000000000000
(1750925895.544632) can0 18F00A1E#0000000000000000
(1750925895.545654) can0 18F00B1E#0000000000000000
(1750925895.546646) can0 18F00C1E#0000000000000000
(1750925895.547550) can0 18F00D1E#00000000
(1750925895.548607) can0 18F0101E#0B040000FFE7FF27
(1750925895.549591) can0 18F0111E#3F4800007E000000
(1750925895.550493) can0 18F0121E#07050000
(1750925895.551532) can0 18F0201E#FF7FFFFFFFFF64
(1750925895.735480) can0 18F0011E#FB630700
(1750925895.736464) can0 18F0021E#00000000
(1750925895.737442) can0 18F0031E#00000000
(1750925895.738519) can0 18F0041E#0000000000000000
(1750925895.739494) can0 18F0051E#0000000000000000
(1750925895.740469) can0 18F0061E#0000000000000000
(1750925895.741449) can0 18F0071E#0000000000000000
(1750925895.742429) can0 18F0081E#0000000000000000
(1750925895.743410) can0 18F0091E#0000000000000000
(1750925895.744387) can0 18F00A1E#0000000000000000
(1750925895.745411) can0 18F00B1E#0000000000000000
(1750925895.746407) can0 18F00C1E#0000000000000000
(1750925895.747312) can0 18F00D1E#00000000
(1750925895.748365) can0 18F0101E#0B040000FFE7FF27
(1750925895.749349) can0 18F0111E#3F4800007E000000
(1750925895.750255) can0 18F0121E#07050000
(1750925895.751296) can0 18F0201E#FF7FFFFFFFFF64
(1750925895.935075) can0 18F0011E#FB630700
(1750925895.936055) can0 18F0021E#00000000
(1750925895.937030) can0 18F0031E#00000000
(1750925895.938108) can0 18F0041E#0000000000000000
(1750925895.939079) can0 18F0051E#0000000000000000
(1750925895.940060) can0 18F0061E#0000000000000000
(1750925895.941038) can0 18F0071E#0000000000000000
(1750925895.942020) can0 18F0081E#0000000000000000
(1750925895.942999) can0 18F0091E#0000000000000000
(1750925895.943977) can0 18F00A1E#0000000000000000
(1750925895.944980) can0 18F00B1E#0000000000000000
(1750925895.945986) can0 18F00C1E#0000000000000000
(1750925895.946890) can0 18F00D1E#00000000
(1750925895.947947) can0 18F0101E#0B040000FFE7FF27
(1750925895.948931) can0 18F0111E#3F4800007E000000
(1750925895.949837) can0 18F0121E#07050000
(1750925895.950878) can0 18F0201E#FF7FFFFFFFFF64
(1750925896.135779) can0 18F0011E#FB630700
(1750925896.136760) can0 18F0021E#00000000
(1750925896.137738) can0 18F0031E#00000000
(1750925896.138816) can0 18F0041E#0000000000000000
(1750925896.139789) can0 18F0051E#0000000000000000
(1750925896.140764) can0 18F0061E#0000000000000000
(1750925896.141742) can0 18F0071E#0000000000000000
(1750925896.142724) can0 18F0081E#0000000000000000
(1750925896.143703) can0 18F0091E#0000000000000000
(1750925896.144704) can0 18F00A1E#0000000000000000
(1750925896.145712) can0 18F00B1E#0000000000000000
(1750925896.146692) can0 18F00C1E#0000000000000000
(1750925896.147595) can0 18F00D1E#00000000
(1750925896.148650) can0 18F0101E#0B040000FFE7FF27
(1750925896.149634) can0 18F0111E#3F4800007E000000
(1750925896.150538) can0 18F0121E#07050000
(1750925896.151576) can0 18F0201E#FF7FFFFFFFFF64
(1750925896.336236) can0 18F0011E#FB630700
(1750925896.337503) can0 18F0021E#00000000
(1750925896.338501) can0 18F0031E#00000000
(1750925896.339564) can0 18F0041E#0000000000000000
(1750925896.340535) can0 18F0051E#0000000000000000
(1750925896.341510) can0 18F0061E#0000000000000000
(1750925896.342490) can0 18F0071E#0000000000000000
(1750925896.343471) can0 18F0081E#0000000000000000
(1750925896.344450) can0 18F0091E#0000000000000000
(1750925896.345472) can0 18F00A1E#0000000000000000
(1750925896.346462) can0 18F00B1E#0000000000000000
(1750925896.347465) can0 18F00C1E#0000000000000000
(1750925896.348357) can0 18F00D1E#00000000
(1750925896.349407) can0 18F0101E#0B040000FFE7FF27
(1750925896.350393) can0 18F0111E#3F4800007E000000
(1750925896.351304) can0 18F0121E#07050000
(1750925896.352340) can0 18F0201E#FF7FFFFFFFFF64
(1750925896.353304) can0 18F0211E#000000000000
(1750925896.354224) can0 18F0221E#7F7F7F
(1750925896.355392) can0 18F0241E#80FF2C0180FF2C01
(1750925896.356370) can0 18F0311E#3030323134360000
(1750925896.357348) can0 18F0321E#412D3130422D3035
(1750925896.358330) can0 18F0331E#412D3031412D3031
(1750925896.359328) can0 18F0401E#604D000000000000
(1750925896.535142) can0 18F0011E#FB630700
(1750925896.536113) can0 18F0021E#00000000
(1750925896.537089) can0 18F0031E#00000000
(1750925896.538162) can0 18F0041E#0000000000000000
(1750925896.539141) can0 18F0051E#0000000000000000
(1750925896.540119) can0 18F0061E#0000000000000000
(1750925896.541097) can0 18F0071E#0000000000000000
(1750925896.542079) can0 18F0081E#0000000000000000
(1750925896.543057) can0 18F0091E#0000000000000000
(1750925896.544035) can0 18F00A1E#0000000000000000
(1750925896.545039) can0 18F00B1E#0000000000000000
(1750925896.546044) can0 18F00C1E#0000000000000000
(1750925896.546950) can0 18F00D1E#00000000
(1750925896.548009) can0 18F0101E#0B040000FFE7FF27
(1750925896.548997) can0 18F0111E#3F4800007E000000
(1750925896.549903) can0 18F0121E#07050000
(1750925896.550943) can0 18F0201E#FF7FFFFFFFFF64
(1750925896.735083) can0 18F0011E#FB630700
(1750925896.736071) can0 18F0021E#00000000
(1750925896.737032) can0 18F0031E#00000000
(1750925896.738131) can0 18F0041E#0000000000000000
(1750925896.739221) can0 18F0051E#0000000000000000
(1750925896.740050) can0 18F0061E#0000000000000000
(1750925896.741025) can0 18F0071E#0000000000000000
(1750925896.741991) can0 18F0081E#0000000000000000
(1750925896.742967) can0 18F0091E#0000000000000000
(1750925896.743945) can0 18F00A1E#0000000000000000
(1750925896.744948) can0 18F00B1E#0000000000000000
(1750925896.745954) can0 18F00C1E#0000000000000000
(1750925896.746857) can0 18F00D1E#00000000
(1750925896.747908) can0 18F0101E#0B040000FFE7FF27
(1750925896.748902) can0 18F0111E#3F4800007E000000
(1750925896.749795) can0 18F0121E#07050000
(1750925896.750830) can0 18F0201E#FF7FFFFFFFFF64
(1750925896.935664) can0 18F0011E#FB630700
(1750925896.936572) can0 18F0021E#00000000
(1750925896.937547) can0 18F0031E#00000000
(1750925896.938625) can0 18F0041E#0000000000000000
(1750925896.939600) can0 18F0051E#0000000000000000
(1750925896.940577) can0 18F0061E#0000000000000000
(1750925896.941555) can0 18F0071E#0000000000000000
(1750925896.942537) can0 18F0081E#0000000000000000
(1750925896.943518) can0 18F0091E#0000000000000000
(1750925896.944493) can0 18F00A1E#0000000000000000
(1750925896.945516) can0 18F00B1E#0000000000000000
(1750925896.946508) can0 18F00C1E#0000000000000000
(1750925896.947412) can0 18F00D1E#00000000
(1750925896.948462) can0 18F0101E#0B040000FFE7FF27
(1750925896.949448) can0 18F0111E#3F4800007E000000
(1750925896.950352) can0 18F0121E#07050000
(1750925896.951397) can0 18F0201E#FF7FFFFFFFFF64
